D:\Saad Khan\My Work\Sheet No.02.dwg,Model,2/2/2019 9:41:11 PM,internet,HP Ink Tank Wireless 410 series,A4,1:3.46982,
D:\Saad Khan\My Work\Sheet No.02.dwg,Model,2/2/2019 10:13:59 PM,internet,HP Ink Tank Wireless 410 series,A4,1:2.97413,
D:\Saad Khan\My Work\Sheet No.02.dwg,Model,2/2/2019 10:17:49 PM,internet,HP Ink Tank Wireless 410 series,A4,1:2.97413,
D:\Saad Khan\My Work\Sheet No.02.dwg,Model,2/2/2019 10:19:36 PM,internet,HP Ink Tank Wireless 410 series,A4,1:2.97413,
D:\Saad Khan\My Work\Sheet No.01.dwg,Model,2/10/2019 8:48:03 PM,internet,DWG To PDF.pc3,ISO A4 (210.00 x 297.00 MM),1:1.09788,
D:\Saad Khan\My Work\Sheet No.02.dwg,Model,2/11/2019 9:07:40 PM,internet,HP Ink Tank Wireless 410 series,A4,1:2.97413,
D:\Saad Khan\My Work\Sheet No.01.dwg,Model,2/11/2019 9:09:28 PM,internet,HP Ink Tank Wireless 410 series,A4,1:0.991376,
D:\Saad Khan\My Work\Sheet No.02.dwg,Model,2/11/2019 9:11:01 PM,internet,HP Ink Tank Wireless 410 series,A4,1:2.97413,
D:\Saad Khan\My Work\Sheet No.03.dwg,Model,2/11/2019 9:15:51 PM,internet,HP Ink Tank Wireless 410 series,A4,1:2.47844,
D:\Saad Khan\My Work\Sheet No.10.dwg,Model,3/8/2019 12:05:58 AM,internet,HP Ink Tank Wireless 410 series,A4,1:2.47844,
D:\Saad Khan\My Work\Sheet No.07.dwg,Model,3/8/2019 12:06:59 AM,internet,HP Ink Tank Wireless 410 series,A4,1:0.991376,
D:\Saad Khan\My Work\Sheet No.02.dwg,Model,3/10/2019 4:43:26 PM,internet,HP Ink Tank Wireless 410 series,A4,1:2.97413,
D:\Saad Khan\My Work\Sheet No.15.dwg,Model,3/11/2019 11:45:09 PM,internet,HP Ink Tank Wireless 410 series,A4,1:0.991376,
D:\Saad Khan\My Work\Sheet No.16.dwg,Model,3/11/2019 11:49:50 PM,internet,HP Ink Tank Wireless 410 series,A4,1:0.991376,
D:\Saad Khan\My Work\Cadd Micro Project.dwg,Model,3/14/2019 9:10:37 PM,internet,HP Ink Tank Wireless 410 series,A4,1:3.96551,
D:\Saad Khan\My Work\Cad sheet 2018-19\Sheet No.05.dwg,Model,5/14/2019 2:48:21 PM,internet,HP Ink Tank Wireless 410 series,A4,1:2.47844,
D:\Saad Khan\My Work\Cad sheet 2018-19\IRON MAN HELMET.dwg,Model,5/14/2019 10:13:12 PM,internet,HP Ink Tank Wireless 410 series,A4,1:6.51635,
D:\Saad Khan\My Work\Cad sheet 2018-19\Sheet No.16.dwg,Model,5/14/2019 10:15:08 PM,internet,HP Ink Tank Wireless 410 series,A4,1:0.991376,
D:\Saad Khan\My Work\Cad sheet 2018-19\Sheet No.15.dwg,Model,5/14/2019 10:16:04 PM,internet,HP Ink Tank Wireless 410 series,A4,1:0.991376,
D:\Saad Khan\My Work\Cad sheet 2018-19\Sheet No.04.dwg,Model,5/14/2019 10:16:55 PM,internet,HP Ink Tank Wireless 410 series,A4,1:1.98275,
D:\Saad Khan\My Work\Cad sheet 2018-19\Sheet No.03.dwg,Model,5/14/2019 10:18:05 PM,internet,HP Ink Tank Wireless 410 series,A4,1:2.47844,
C:\Users\Sameer\Downloads\Template.dwg,Model,11/6/2021 11:50:44 AM,Sameer,Microsoft Print to PDF,A3,1:1.00003,
